Build started 11/20/2011 10:24:49 AM.
     1>Project "C:\Dev\Source\Projects\jtomasone\JCTGame\JCTGame\JCTGame.vcxproj" on node 3 (build target(s)).
     1>InitializeBuildStatus:
         Creating "Debug\JCTGame.unsuccessfulbuild" because "AlwaysCreate" was specified.
       ClCompile:
         c:\Program Files (x86)\Microsoft Visual Studio 10.0\VC\bin\CL.exe /c /I..\..\include /I..\..\shared /ZI /nologo /W3 /WX- /Od /Oy- /D WIN32 /D _DEBUG /D _WINDOWS /Gm /EHsc /RTC1 /MDd /GS /fp:precise /Zc:wchar_t /Zc:forScope /Fo"Debug\\" /Fd"Debug\vc100.pdb" /Gd /TP /analyze- /errorReport:prompt JCTGame.cpp
         JCTGame.cpp
     1>c:\dev\source\projects\jtomasone\include\jctglcontrol.h(60): warning C4172: returning address of local variable or temporary
       ResourceCompile:
         All outputs are up-to-date.
       ManifestResourceCompile:
         All outputs are up-to-date.
       Link:
         c:\Program Files (x86)\Microsoft Visual Studio 10.0\VC\bin\link.exe /ERRORREPORT:PROMPT /OUT:"c:\Bin\Debug\JCTGame2.exe" /INCREMENTAL /NOLOGO /LIBPATH:..\..\shared /LIBPATH:..\..\lib JCTGameEngineDebug.lib kernel32.lib user32.lib gdi32.lib winspool.lib comdlg32.lib advapi32.lib shell32.lib ole32.lib oleaut32.lib uuid.lib odbc32.lib odbccp32.lib /MANIFEST /ManifestFile:"Debug\JCTGame2.exe.intermediate.manifest" /MANIFESTUAC:"level='asInvoker' uiAccess='false'" /DEBUG /PDB:"c:\Bin\Debug\JCTGame2.pdb" /SUBSYSTEM:WINDOWS /TLBID:1 /DYNAMICBASE /NXCOMPAT /IMPLIB:"c:\Bin\Debug\JCTGame2.lib" /MACHINE:X86 Debug\JCTGame.res
         Debug\JCTGame2.exe.embed.manifest.res
         Debug\JCTGame.obj
       Manifest:
         C:\Program Files (x86)\Microsoft SDKs\Windows\v7.0A\bin\mt.exe /nologo /verbose /out:"Debug\JCTGame2.exe.embed.manifest" /manifest Debug\JCTGame2.exe.intermediate.manifest
         All outputs are up-to-date.
       LinkEmbedManifest:
         All outputs are up-to-date.
         JCTGame.vcxproj -> c:\Bin\Debug\JCTGame2.exe
       FinalizeBuildStatus:
         Deleting file "Debug\JCTGame.unsuccessfulbuild".
         Touching "Debug\JCTGame.lastbuildstate".
     1>Done Building Project "C:\Dev\Source\Projects\jtomasone\JCTGame\JCTGame\JCTGame.vcxproj" (build target(s)).

Build succeeded.

Time Elapsed 00:00:01.87
