C:\BIN\DEBUG\JCTGAME.EXE
C:\BIN\DEBUG\JCTGAME.ILK
C:\BIN\DEBUG\JCTGAME.PDB
C:\Dev\Source\Projects\jtomasone\JCTGame\JCTGame\Debug\cl.command.1.tlog
C:\Dev\Source\Projects\jtomasone\JCTGame\JCTGame\Debug\CL.read.1.tlog
C:\Dev\Source\Projects\jtomasone\JCTGame\JCTGame\Debug\CL.write.1.tlog
C:\DEV\SOURCE\PROJECTS\JTOMASONE\JCTGAME\JCTGAME\DEBUG\JCTGAME.EXE.EMBED.MANIFEST
C:\DEV\SOURCE\PROJECTS\JTOMASONE\JCTGAME\JCTGAME\DEBUG\JCTGAME.EXE.EMBED.MANIFEST.RES
C:\DEV\SOURCE\PROJECTS\JTOMASONE\JCTGAME\JCTGAME\DEBUG\JCTGAME.EXE.INTERMEDIATE.MANIFEST
C:\DEV\SOURCE\PROJECTS\JTOMASONE\JCTGAME\JCTGAME\DEBUG\JCTGAME.OBJ
C:\DEV\SOURCE\PROJECTS\JTOMASONE\JCTGAME\JCTGAME\DEBUG\JCTGAME.RES
C:\Dev\Source\Projects\jtomasone\JCTGame\JCTGame\Debug\JCTGame_manifest.rc
C:\Dev\Source\Projects\jtomasone\JCTGame\JCTGame\Debug\link.3384.read.1.tlog
C:\Dev\Source\Projects\jtomasone\JCTGame\JCTGame\Debug\link.3384.write.1.tlog
C:\Dev\Source\Projects\jtomasone\JCTGame\JCTGame\Debug\link.3384-cvtres.read.1.tlog
C:\Dev\Source\Projects\jtomasone\JCTGame\JCTGame\Debug\link.3384-cvtres.write.1.tlog
C:\Dev\Source\Projects\jtomasone\JCTGame\JCTGame\Debug\link.4280.read.1.tlog
C:\Dev\Source\Projects\jtomasone\JCTGame\JCTGame\Debug\link.4280.write.1.tlog
C:\Dev\Source\Projects\jtomasone\JCTGame\JCTGame\Debug\link.4280-cvtres.read.1.tlog
C:\Dev\Source\Projects\jtomasone\JCTGame\JCTGame\Debug\link.4280-cvtres.write.1.tlog
C:\Dev\Source\Projects\jtomasone\JCTGame\JCTGame\Debug\link.4804.read.1.tlog
C:\Dev\Source\Projects\jtomasone\JCTGame\JCTGame\Debug\link.4804.write.1.tlog
C:\Dev\Source\Projects\jtomasone\JCTGame\JCTGame\Debug\link.4804-cvtres.read.1.tlog
C:\Dev\Source\Projects\jtomasone\JCTGame\JCTGame\Debug\link.4804-cvtres.write.1.tlog
C:\Dev\Source\Projects\jtomasone\JCTGame\JCTGame\Debug\link.4836.read.1.tlog
C:\Dev\Source\Projects\jtomasone\JCTGame\JCTGame\Debug\link.4836.write.1.tlog
C:\Dev\Source\Projects\jtomasone\JCTGame\JCTGame\Debug\link.4836-cvtres.read.1.tlog
C:\Dev\Source\Projects\jtomasone\JCTGame\JCTGame\Debug\link.4836-cvtres.write.1.tlog
C:\Dev\Source\Projects\jtomasone\JCTGame\JCTGame\Debug\link.4968.read.1.tlog
C:\Dev\Source\Projects\jtomasone\JCTGame\JCTGame\Debug\link.4968.write.1.tlog
C:\Dev\Source\Projects\jtomasone\JCTGame\JCTGame\Debug\link.4968-cvtres.read.1.tlog
C:\Dev\Source\Projects\jtomasone\JCTGame\JCTGame\Debug\link.4968-cvtres.write.1.tlog
C:\Dev\Source\Projects\jtomasone\JCTGame\JCTGame\Debug\link.684.read.1.tlog
C:\Dev\Source\Projects\jtomasone\JCTGame\JCTGame\Debug\link.684.write.1.tlog
C:\Dev\Source\Projects\jtomasone\JCTGame\JCTGame\Debug\link.684-cvtres.read.1.tlog
C:\Dev\Source\Projects\jtomasone\JCTGame\JCTGame\Debug\link.684-cvtres.write.1.tlog
C:\Dev\Source\Projects\jtomasone\JCTGame\JCTGame\Debug\link.924.read.1.tlog
C:\Dev\Source\Projects\jtomasone\JCTGame\JCTGame\Debug\link.924.write.1.tlog
C:\Dev\Source\Projects\jtomasone\JCTGame\JCTGame\Debug\link.924-cvtres.read.1.tlog
C:\Dev\Source\Projects\jtomasone\JCTGame\JCTGame\Debug\link.924-cvtres.write.1.tlog
C:\Dev\Source\Projects\jtomasone\JCTGame\JCTGame\Debug\link.command.1.tlog
C:\Dev\Source\Projects\jtomasone\JCTGame\JCTGame\Debug\link.read.1.tlog
C:\Dev\Source\Projects\jtomasone\JCTGame\JCTGame\Debug\link.write.1.tlog
C:\Dev\Source\Projects\jtomasone\JCTGame\JCTGame\Debug\link-cvtres.read.1.tlog
C:\Dev\Source\Projects\jtomasone\JCTGame\JCTGame\Debug\link-cvtres.write.1.tlog
C:\Dev\Source\Projects\jtomasone\JCTGame\JCTGame\Debug\mt.command.1.tlog
C:\Dev\Source\Projects\jtomasone\JCTGame\JCTGame\Debug\mt.read.1.tlog
C:\Dev\Source\Projects\jtomasone\JCTGame\JCTGame\Debug\mt.write.1.tlog
C:\Dev\Source\Projects\jtomasone\JCTGame\JCTGame\Debug\rc.command.1.tlog
C:\Dev\Source\Projects\jtomasone\JCTGame\JCTGame\Debug\rc.read.1.tlog
C:\Dev\Source\Projects\jtomasone\JCTGame\JCTGame\Debug\rc.write.1.tlog
C:\Dev\Source\Projects\jtomasone\JCTGame\JCTGame\Debug\vc100.idb
C:\DEV\SOURCE\PROJECTS\JTOMASONE\JCTGAME\JCTGAME\DEBUG\VC100.PDB
