C:\BIN\DEBUG\JCTGAME2.EXE
C:\BIN\DEBUG\JCTGAME2.ILK
C:\BIN\DEBUG\JCTGAME2.PDB
C:\Dev\Source\Projects\jtomasone\JCTGame\JCTGame\Debug\cl.command.1.tlog
C:\Dev\Source\Projects\jtomasone\JCTGame\JCTGame\Debug\CL.read.1.tlog
C:\Dev\Source\Projects\jtomasone\JCTGame\JCTGame\Debug\CL.write.1.tlog
C:\DEV\SOURCE\PROJECTS\JTOMASONE\JCTGAME\JCTGAME\DEBUG\JCTGAME.EXE.EMBED.MANIFEST
C:\DEV\SOURCE\PROJECTS\JTOMASONE\JCTGAME\JCTGAME\DEBUG\JCTGAME.EXE.EMBED.MANIFEST.RES
C:\Dev\Source\Projects\jtomasone\JCTGame\JCTGame\Debug\JCTGame.exe.intermediate.manifest
C:\DEV\SOURCE\PROJECTS\JTOMASONE\JCTGAME\JCTGAME\DEBUG\JCTGAME.OBJ
C:\DEV\SOURCE\PROJECTS\JTOMASONE\JCTGAME\JCTGAME\DEBUG\JCTGAME.RES
C:\Dev\Source\Projects\jtomasone\JCTGame\JCTGame\Debug\JCTGame_manifest.rc
C:\DEV\SOURCE\PROJECTS\JTOMASONE\JCTGAME\JCTGAME\DEBUG\JCTGAME2.EXE.EMBED.MANIFEST
C:\DEV\SOURCE\PROJECTS\JTOMASONE\JCTGAME\JCTGAME\DEBUG\JCTGAME2.EXE.EMBED.MANIFEST.RES
C:\DEV\SOURCE\PROJECTS\JTOMASONE\JCTGAME\JCTGAME\DEBUG\JCTGAME2.EXE.INTERMEDIATE.MANIFEST
C:\Dev\Source\Projects\jtomasone\JCTGame\JCTGame\Debug\JCTGame2_manifest.rc
C:\Dev\Source\Projects\jtomasone\JCTGame\JCTGame\Debug\link.1964.read.1.tlog
C:\Dev\Source\Projects\jtomasone\JCTGame\JCTGame\Debug\link.1964.write.1.tlog
C:\Dev\Source\Projects\jtomasone\JCTGame\JCTGame\Debug\link.1964-cvtres.read.1.tlog
C:\Dev\Source\Projects\jtomasone\JCTGame\JCTGame\Debug\link.1964-cvtres.write.1.tlog
C:\Dev\Source\Projects\jtomasone\JCTGame\JCTGame\Debug\link.1988.read.1.tlog
C:\Dev\Source\Projects\jtomasone\JCTGame\JCTGame\Debug\link.1988.write.1.tlog
C:\Dev\Source\Projects\jtomasone\JCTGame\JCTGame\Debug\link.1988-cvtres.read.1.tlog
C:\Dev\Source\Projects\jtomasone\JCTGame\JCTGame\Debug\link.1988-cvtres.write.1.tlog
C:\Dev\Source\Projects\jtomasone\JCTGame\JCTGame\Debug\link.2464.read.1.tlog
C:\Dev\Source\Projects\jtomasone\JCTGame\JCTGame\Debug\link.2464.write.1.tlog
C:\Dev\Source\Projects\jtomasone\JCTGame\JCTGame\Debug\link.2464-cvtres.read.1.tlog
C:\Dev\Source\Projects\jtomasone\JCTGame\JCTGame\Debug\link.2464-cvtres.write.1.tlog
C:\Dev\Source\Projects\jtomasone\JCTGame\JCTGame\Debug\link.2580.read.1.tlog
C:\Dev\Source\Projects\jtomasone\JCTGame\JCTGame\Debug\link.2580.write.1.tlog
C:\Dev\Source\Projects\jtomasone\JCTGame\JCTGame\Debug\link.2580-cvtres.read.1.tlog
C:\Dev\Source\Projects\jtomasone\JCTGame\JCTGame\Debug\link.2580-cvtres.write.1.tlog
C:\Dev\Source\Projects\jtomasone\JCTGame\JCTGame\Debug\link.3204.read.1.tlog
C:\Dev\Source\Projects\jtomasone\JCTGame\JCTGame\Debug\link.3204.write.1.tlog
C:\Dev\Source\Projects\jtomasone\JCTGame\JCTGame\Debug\link.3204-cvtres.read.1.tlog
C:\Dev\Source\Projects\jtomasone\JCTGame\JCTGame\Debug\link.3204-cvtres.write.1.tlog
C:\Dev\Source\Projects\jtomasone\JCTGame\JCTGame\Debug\link.3236.read.1.tlog
C:\Dev\Source\Projects\jtomasone\JCTGame\JCTGame\Debug\link.3236.write.1.tlog
C:\Dev\Source\Projects\jtomasone\JCTGame\JCTGame\Debug\link.3236-cvtres.read.1.tlog
C:\Dev\Source\Projects\jtomasone\JCTGame\JCTGame\Debug\link.3236-cvtres.write.1.tlog
C:\Dev\Source\Projects\jtomasone\JCTGame\JCTGame\Debug\link.3424.read.1.tlog
C:\Dev\Source\Projects\jtomasone\JCTGame\JCTGame\Debug\link.3424.write.1.tlog
C:\Dev\Source\Projects\jtomasone\JCTGame\JCTGame\Debug\link.3424-cvtres.read.1.tlog
C:\Dev\Source\Projects\jtomasone\JCTGame\JCTGame\Debug\link.3424-cvtres.write.1.tlog
C:\Dev\Source\Projects\jtomasone\JCTGame\JCTGame\Debug\link.3500.read.1.tlog
C:\Dev\Source\Projects\jtomasone\JCTGame\JCTGame\Debug\link.3500.write.1.tlog
C:\Dev\Source\Projects\jtomasone\JCTGame\JCTGame\Debug\link.3500-cvtres.read.1.tlog
C:\Dev\Source\Projects\jtomasone\JCTGame\JCTGame\Debug\link.3500-cvtres.write.1.tlog
C:\Dev\Source\Projects\jtomasone\JCTGame\JCTGame\Debug\link.4060.read.1.tlog
C:\Dev\Source\Projects\jtomasone\JCTGame\JCTGame\Debug\link.4060.write.1.tlog
C:\Dev\Source\Projects\jtomasone\JCTGame\JCTGame\Debug\link.4060-cvtres.read.1.tlog
C:\Dev\Source\Projects\jtomasone\JCTGame\JCTGame\Debug\link.4060-cvtres.write.1.tlog
C:\Dev\Source\Projects\jtomasone\JCTGame\JCTGame\Debug\link.4252.read.1.tlog
C:\Dev\Source\Projects\jtomasone\JCTGame\JCTGame\Debug\link.4252.write.1.tlog
C:\Dev\Source\Projects\jtomasone\JCTGame\JCTGame\Debug\link.4252-cvtres.read.1.tlog
C:\Dev\Source\Projects\jtomasone\JCTGame\JCTGame\Debug\link.4252-cvtres.write.1.tlog
C:\Dev\Source\Projects\jtomasone\JCTGame\JCTGame\Debug\link.4412.read.1.tlog
C:\Dev\Source\Projects\jtomasone\JCTGame\JCTGame\Debug\link.4412.write.1.tlog
C:\Dev\Source\Projects\jtomasone\JCTGame\JCTGame\Debug\link.4412-cvtres.read.1.tlog
C:\Dev\Source\Projects\jtomasone\JCTGame\JCTGame\Debug\link.4412-cvtres.write.1.tlog
C:\Dev\Source\Projects\jtomasone\JCTGame\JCTGame\Debug\link.4532.read.1.tlog
C:\Dev\Source\Projects\jtomasone\JCTGame\JCTGame\Debug\link.4532.write.1.tlog
C:\Dev\Source\Projects\jtomasone\JCTGame\JCTGame\Debug\link.4532-cvtres.read.1.tlog
C:\Dev\Source\Projects\jtomasone\JCTGame\JCTGame\Debug\link.4532-cvtres.write.1.tlog
C:\Dev\Source\Projects\jtomasone\JCTGame\JCTGame\Debug\link.4548.read.1.tlog
C:\Dev\Source\Projects\jtomasone\JCTGame\JCTGame\Debug\link.4548.write.1.tlog
C:\Dev\Source\Projects\jtomasone\JCTGame\JCTGame\Debug\link.4548-cvtres.read.1.tlog
C:\Dev\Source\Projects\jtomasone\JCTGame\JCTGame\Debug\link.4548-cvtres.write.1.tlog
C:\Dev\Source\Projects\jtomasone\JCTGame\JCTGame\Debug\link.4732.read.1.tlog
C:\Dev\Source\Projects\jtomasone\JCTGame\JCTGame\Debug\link.4732.write.1.tlog
C:\Dev\Source\Projects\jtomasone\JCTGame\JCTGame\Debug\link.4732-cvtres.read.1.tlog
C:\Dev\Source\Projects\jtomasone\JCTGame\JCTGame\Debug\link.4732-cvtres.write.1.tlog
C:\Dev\Source\Projects\jtomasone\JCTGame\JCTGame\Debug\link.4876.read.1.tlog
C:\Dev\Source\Projects\jtomasone\JCTGame\JCTGame\Debug\link.4876.write.1.tlog
C:\Dev\Source\Projects\jtomasone\JCTGame\JCTGame\Debug\link.4876-cvtres.read.1.tlog
C:\Dev\Source\Projects\jtomasone\JCTGame\JCTGame\Debug\link.4876-cvtres.write.1.tlog
C:\Dev\Source\Projects\jtomasone\JCTGame\JCTGame\Debug\link.4892.read.1.tlog
C:\Dev\Source\Projects\jtomasone\JCTGame\JCTGame\Debug\link.4892.write.1.tlog
C:\Dev\Source\Projects\jtomasone\JCTGame\JCTGame\Debug\link.4892-cvtres.read.1.tlog
C:\Dev\Source\Projects\jtomasone\JCTGame\JCTGame\Debug\link.4892-cvtres.write.1.tlog
C:\Dev\Source\Projects\jtomasone\JCTGame\JCTGame\Debug\link.4904.read.1.tlog
C:\Dev\Source\Projects\jtomasone\JCTGame\JCTGame\Debug\link.4904.write.1.tlog
C:\Dev\Source\Projects\jtomasone\JCTGame\JCTGame\Debug\link.4904-cvtres.read.1.tlog
C:\Dev\Source\Projects\jtomasone\JCTGame\JCTGame\Debug\link.4904-cvtres.write.1.tlog
C:\Dev\Source\Projects\jtomasone\JCTGame\JCTGame\Debug\link.command.1.tlog
C:\Dev\Source\Projects\jtomasone\JCTGame\JCTGame\Debug\link.read.1.tlog
C:\Dev\Source\Projects\jtomasone\JCTGame\JCTGame\Debug\link.write.1.tlog
C:\Dev\Source\Projects\jtomasone\JCTGame\JCTGame\Debug\link-cvtres.read.1.tlog
C:\Dev\Source\Projects\jtomasone\JCTGame\JCTGame\Debug\link-cvtres.write.1.tlog
C:\Dev\Source\Projects\jtomasone\JCTGame\JCTGame\Debug\mt.command.1.tlog
C:\Dev\Source\Projects\jtomasone\JCTGame\JCTGame\Debug\mt.read.1.tlog
C:\Dev\Source\Projects\jtomasone\JCTGame\JCTGame\Debug\mt.write.1.tlog
C:\Dev\Source\Projects\jtomasone\JCTGame\JCTGame\Debug\rc.command.1.tlog
C:\Dev\Source\Projects\jtomasone\JCTGame\JCTGame\Debug\rc.read.1.tlog
C:\Dev\Source\Projects\jtomasone\JCTGame\JCTGame\Debug\rc.write.1.tlog
C:\Dev\Source\Projects\jtomasone\JCTGame\JCTGame\Debug\vc100.idb
C:\DEV\SOURCE\PROJECTS\JTOMASONE\JCTGAME\JCTGAME\DEBUG\VC100.PDB
