Build started 11/18/2011 12:54:42 PM.
     1>Project "C:\Dev\Source\Projects\jtomasone\JCTGameEngine\JCTGameEngine\JCTGameEngine.vcxproj" on node 2 (build target(s)).
     1>C:\Program Files (x86)\MSBuild\Microsoft.Cpp\v4.0\Microsoft.CppBuild.targets(299,5): warning MSB8004: Output Directory does not end with a trailing slash.  This build instance will add the slash as it is required to allow proper evaluation of the Output Directory.
     1>InitializeBuildStatus:
         Touching "Release\JCTGameEngine.unsuccessfulbuild".
       ClCompile:
         All outputs are up-to-date.
     1>C:\Program Files (x86)\MSBuild\Microsoft.Cpp\v4.0\Microsoft.CppBuild.targets(1151,5): warning MSB8012: TargetPath(C:\Dev\Source\Projects\jtomasone\JCTGameEngine\JCTGameEngine\..\..\Lib\JCTGameEngineRelease\JCTGameEngine.lib) does not match the Library's OutputFile property value (C:\Dev\Source\Projects\jtomasone\shared). This may cause your project to build incorrectly. To correct this, please make sure that $(OutDir), $(TargetName) and $(TargetExt) property values match the value specified in %(Lib.OutputFile).
     1>C:\Program Files (x86)\MSBuild\Microsoft.Cpp\v4.0\Microsoft.CppBuild.targets(1151,5): warning MSB8012: TargetPath(C:\Dev\Source\Projects\jtomasone\JCTGameEngine\JCTGameEngine\..\..\Lib\JCTGameEngineRelease\JCTGameEngine.lib) does not match the Library's OutputFile property value (C:\Dev\Source\Projects\jtomasone\Lib\JCTGameEngineRelease.lib). This may cause your project to build incorrectly. To correct this, please make sure that $(OutDir), $(TargetName) and $(TargetExt) property values match the value specified in %(Lib.OutputFile).
     1>C:\Program Files (x86)\MSBuild\Microsoft.Cpp\v4.0\Microsoft.CppBuild.targets(1152,5): warning MSB8012: TargetExt(.lib) does not match the Library's OutputFile property value (). This may cause your project to build incorrectly. To correct this, please make sure that $(OutDir), $(TargetName) and $(TargetExt) property values match the value specified in %(Lib.OutputFile).
     1>C:\Program Files (x86)\MSBuild\Microsoft.Cpp\v4.0\Microsoft.CppBuild.targets(1153,5): warning MSB8012: TargetName(JCTGameEngine) does not match the Library's OutputFile property value (shared). This may cause your project to build incorrectly. To correct this, please make sure that $(OutDir), $(TargetName) and $(TargetExt) property values match the value specified in %(Lib.OutputFile).
     1>C:\Program Files (x86)\MSBuild\Microsoft.Cpp\v4.0\Microsoft.CppBuild.targets(1153,5): warning MSB8012: TargetName(JCTGameEngine) does not match the Library's OutputFile property value (JCTGameEngineRelease). This may cause your project to build incorrectly. To correct this, please make sure that $(OutDir), $(TargetName) and $(TargetExt) property values match the value specified in %(Lib.OutputFile).
       Lib:
         c:\Program Files (x86)\Microsoft Visual Studio 10.0\VC\bin\Lib.exe /OUT:"..\..\shared;..\..\Lib\JCTGameEngineRelease.lib" glut32.lib opengl32.lib wininet.lib /LIBPATH:..\..\lib /NOLOGO /LTCG Release\JCTCube.obj
         Release\JCTGLBase.obj
         Release\JCTGLControl.obj
     1>LINK : fatal error LNK1181: cannot open input file 'glut32.lib'
     1>Done Building Project "C:\Dev\Source\Projects\jtomasone\JCTGameEngine\JCTGameEngine\JCTGameEngine.vcxproj" (build target(s)) -- FAILED.

Build FAILED.

Time Elapsed 00:00:00.14
