Build started 11/17/2011 10:25:48 PM.
     1>Project "C:\Dev\Source\Projects\jtomasone\JCTPCSTree\JCTPCSTree\JCTPCSTree.vcxproj" on node 3 (rebuild target(s)).
     1>_PrepareForClean:
         Deleting file "Debug\JCTPCSTree.lastbuildstate".
       InitializeBuildStatus:
         Creating "Debug\JCTPCSTree.unsuccessfulbuild" because "AlwaysCreate" was specified.
       ClCompile:
         c:\Program Files (x86)\Microsoft Visual Studio 10.0\VC\bin\CL.exe /c /I..\..\Shared /I..\..\Include /ZI /nologo /W3 /WX- /Od /Oy- /D WIN32 /D _DEBUG /D _LIB /Gm /EHsc /RTC1 /MDd /GS /fp:precise /Zc:wchar_t /Zc:forScope /Fo"Debug\\" /Fd"Debug\vc100.pdb" /Gd /TP /analyze- /errorReport:prompt JCTPCSTree.cpp
         JCTPCSTree.cpp
     1>C:\Program Files (x86)\MSBuild\Microsoft.Cpp\v4.0\Microsoft.CppBuild.targets(1151,5): warning MSB8012: TargetPath(C:\Dev\Source\Projects\jtomasone\JCTGameEngine\Debug\JCTPCSTree.lib) does not match the Library's OutputFile property value (C:\Dev\Source\Projects\jtomasone\Lib\JCTPCSTreeDebug.lib). This may cause your project to build incorrectly. To correct this, please make sure that $(OutDir), $(TargetName) and $(TargetExt) property values match the value specified in %(Lib.OutputFile).
     1>C:\Program Files (x86)\MSBuild\Microsoft.Cpp\v4.0\Microsoft.CppBuild.targets(1153,5): warning MSB8012: TargetName(JCTPCSTree) does not match the Library's OutputFile property value (JCTPCSTreeDebug). This may cause your project to build incorrectly. To correct this, please make sure that $(OutDir), $(TargetName) and $(TargetExt) property values match the value specified in %(Lib.OutputFile).
       Lib:
         c:\Program Files (x86)\Microsoft Visual Studio 10.0\VC\bin\Lib.exe /OUT:"..\..\Lib\JCTPCSTreeDebug.lib" /NOLOGO Debug\JCTPCSTree.obj /NODEFAULTLIB 
         JCTPCSTree.vcxproj -> C:\Dev\Source\Projects\jtomasone\JCTGameEngine\Debug\JCTPCSTree.lib
       FinalizeBuildStatus:
         Deleting file "Debug\JCTPCSTree.unsuccessfulbuild".
         Touching "Debug\JCTPCSTree.lastbuildstate".
     1>Done Building Project "C:\Dev\Source\Projects\jtomasone\JCTPCSTree\JCTPCSTree\JCTPCSTree.vcxproj" (rebuild target(s)).

Build succeeded.

Time Elapsed 00:00:02.91
