Build started 11/18/2011 2:17:26 PM.
     1>Project "C:\Dev\Source\Projects\jtomasone\FallingSky\FallingSky.vcxproj" on node 2 (build target(s)).
     1>InitializeBuildStatus:
         Touching "Debug\FallingSky.unsuccessfulbuild".
       ClCompile:
         All outputs are up-to-date.
         All outputs are up-to-date.
       ResourceCompile:
         All outputs are up-to-date.
       ManifestResourceCompile:
         All outputs are up-to-date.
       Link:
         c:\Program Files (x86)\Microsoft Visual Studio 10.0\VC\bin\link.exe /ERRORREPORT:PROMPT /OUT:"C:\Dev\Source\Projects\jtomasone\FallingSky\Debug\FallingSky.exe" /INCREMENTAL /NOLOGO /LIBPATH:..\shared /LIBPATH:..\lib JCTGameEngineDebug.lib kernel32.lib user32.lib gdi32.lib winspool.lib comdlg32.lib advapi32.lib shell32.lib ole32.lib oleaut32.lib uuid.lib odbc32.lib odbccp32.lib /MANIFEST /ManifestFile:"Debug\FallingSky.exe.intermediate.manifest" /MANIFESTUAC:"level='asInvoker' uiAccess='false'" /DEBUG /PDB:"C:\Dev\Source\Projects\jtomasone\FallingSky\Debug\FallingSky.pdb" /SUBSYSTEM:WINDOWS /TLBID:1 /DYNAMICBASE /NXCOMPAT /IMPLIB:"C:\Dev\Source\Projects\jtomasone\FallingSky\Debug\FallingSky.lib" /MACHINE:X86 Debug\FallingSky.res
         Debug\FallingSky.exe.embed.manifest.res
         Debug\FallingSky.obj
         Debug\stdafx.obj
       Manifest:
         C:\Program Files (x86)\Microsoft SDKs\Windows\v7.0A\bin\mt.exe /nologo /verbose /out:"Debug\FallingSky.exe.embed.manifest" /manifest Debug\FallingSky.exe.intermediate.manifest
         C:\Program Files (x86)\Microsoft SDKs\Windows\v7.0A\bin\rc.exe /nologo /fo"Debug\FallingSky.exe.embed.manifest.res" Debug\FallingSky_manifest.rc 
       LinkEmbedManifest:
         c:\Program Files (x86)\Microsoft Visual Studio 10.0\VC\bin\link.exe /ERRORREPORT:PROMPT /OUT:"C:\Dev\Source\Projects\jtomasone\FallingSky\Debug\FallingSky.exe" /INCREMENTAL /NOLOGO /LIBPATH:..\shared /LIBPATH:..\lib JCTGameEngineDebug.lib kernel32.lib user32.lib gdi32.lib winspool.lib comdlg32.lib advapi32.lib shell32.lib ole32.lib oleaut32.lib uuid.lib odbc32.lib odbccp32.lib /MANIFEST /ManifestFile:"Debug\FallingSky.exe.intermediate.manifest" /MANIFESTUAC:"level='asInvoker' uiAccess='false'" /DEBUG /PDB:"C:\Dev\Source\Projects\jtomasone\FallingSky\Debug\FallingSky.pdb" /SUBSYSTEM:WINDOWS /TLBID:1 /DYNAMICBASE /NXCOMPAT /IMPLIB:"C:\Dev\Source\Projects\jtomasone\FallingSky\Debug\FallingSky.lib" /MACHINE:X86 Debug\FallingSky.res
         Debug\FallingSky.exe.embed.manifest.res
         Debug\FallingSky.obj
         Debug\stdafx.obj
         FallingSky.vcxproj -> C:\Dev\Source\Projects\jtomasone\FallingSky\Debug\FallingSky.exe
       FinalizeBuildStatus:
         Deleting file "Debug\FallingSky.unsuccessfulbuild".
         Touching "Debug\FallingSky.lastbuildstate".
     1>Done Building Project "C:\Dev\Source\Projects\jtomasone\FallingSky\FallingSky.vcxproj" (build target(s)).

Build succeeded.

Time Elapsed 00:00:00.56
