Build started 11/17/2011 10:25:48 PM.
     1>Project "C:\Dev\Source\Projects\jtomasone\JCTFileSystem\JCTFileSystem\JCTFileSystem.vcxproj" on node 2 (rebuild target(s)).
     1>_PrepareForClean:
         Deleting file "Debug\JCTFileSystem.lastbuildstate".
       InitializeBuildStatus:
         Creating "Debug\JCTFileSystem.unsuccessfulbuild" because "AlwaysCreate" was specified.
       ClCompile:
         c:\Program Files (x86)\Microsoft Visual Studio 10.0\VC\bin\CL.exe /c /I..\..\Shared /I..\..\Include /ZI /nologo /W3 /WX- /Od /Oy- /D WIN32 /D _DEBUG /D _LIB /D _MBCS /Gm /EHsc /RTC1 /MDd /GS /fp:precise /Zc:wchar_t /Zc:forScope /Fo"Debug\\" /Fd"Debug\vc100.pdb" /Gd /TP /analyze- /errorReport:prompt JCTBMPFile.cpp JCTFile.cpp JCTImageFile.cpp JCTJPGFile.cpp JCTTGAFile.cpp
         JCTTGAFile.cpp
         JCTJPGFile.cpp
         JCTImageFile.cpp
         JCTFile.cpp
         JCTBMPFile.cpp
         Generating Code...
     1>C:\Program Files (x86)\MSBuild\Microsoft.Cpp\v4.0\Microsoft.CppBuild.targets(1151,5): warning MSB8012: TargetPath(C:\Dev\Source\Projects\jtomasone\JCTGameEngine\Debug\JCTFileSystem.lib) does not match the Library's OutputFile property value (C:\Dev\Source\Projects\jtomasone\Lib\JCTFileSystemDebug.lib). This may cause your project to build incorrectly. To correct this, please make sure that $(OutDir), $(TargetName) and $(TargetExt) property values match the value specified in %(Lib.OutputFile).
     1>C:\Program Files (x86)\MSBuild\Microsoft.Cpp\v4.0\Microsoft.CppBuild.targets(1153,5): warning MSB8012: TargetName(JCTFileSystem) does not match the Library's OutputFile property value (JCTFileSystemDebug). This may cause your project to build incorrectly. To correct this, please make sure that $(OutDir), $(TargetName) and $(TargetExt) property values match the value specified in %(Lib.OutputFile).
       Lib:
         c:\Program Files (x86)\Microsoft Visual Studio 10.0\VC\bin\Lib.exe /OUT:"..\..\Lib\JCTFileSystemDebug.lib" /NOLOGO Debug\JCTBMPFile.obj
         Debug\JCTFile.obj
         Debug\JCTImageFile.obj
         Debug\JCTJPGFile.obj
         Debug\JCTTGAFile.obj
         JCTFileSystem.vcxproj -> C:\Dev\Source\Projects\jtomasone\JCTGameEngine\Debug\JCTFileSystem.lib
       FinalizeBuildStatus:
         Deleting file "Debug\JCTFileSystem.unsuccessfulbuild".
         Touching "Debug\JCTFileSystem.lastbuildstate".
     1>Done Building Project "C:\Dev\Source\Projects\jtomasone\JCTFileSystem\JCTFileSystem\JCTFileSystem.vcxproj" (rebuild target(s)).

Build succeeded.

Time Elapsed 00:00:05.81
