Build started 11/17/2011 10:25:54 PM.
     1>Project "C:\Dev\Source\Projects\jtomasone\Engine_Math_Library_dist\MathEngine\MathEngine.vcxproj" on node 2 (rebuild target(s)).
     1>_PrepareForClean:
         Deleting file "Debug\MathEngine.lastbuildstate".
       InitializeBuildStatus:
         Creating "Debug\MathEngine.unsuccessfulbuild" because "AlwaysCreate" was specified.
       ClCompile:
         c:\Program Files (x86)\Microsoft Visual Studio 10.0\VC\bin\CL.exe /c /I..\..\Shared /I..\..\Include /Zi /nologo /W4 /WX- /Od /Oy- /D WIN32 /D _DEBUG /D _LIB /Gm /EHsc /RTC1 /MDd /GS /fp:precise /Zc:wchar_t /Zc:forScope /Fo"Debug\\" /Fd"Debug\vc100.pdb" /Gd /TP /analyze- /errorReport:prompt Matrix.cpp Util.cpp Vect.cpp
         Vect.cpp
         Util.cpp
         Matrix.cpp
         Generating Code...
     1>C:\Program Files (x86)\MSBuild\Microsoft.Cpp\v4.0\Microsoft.CppBuild.targets(1151,5): warning MSB8012: TargetPath(C:\Dev\Source\Projects\jtomasone\JCTGameEngine\Debug\MathEngine.lib) does not match the Library's OutputFile property value (C:\Dev\Source\Projects\jtomasone\Lib\JCTMathEngineDebug.lib). This may cause your project to build incorrectly. To correct this, please make sure that $(OutDir), $(TargetName) and $(TargetExt) property values match the value specified in %(Lib.OutputFile).
     1>C:\Program Files (x86)\MSBuild\Microsoft.Cpp\v4.0\Microsoft.CppBuild.targets(1153,5): warning MSB8012: TargetName(MathEngine) does not match the Library's OutputFile property value (JCTMathEngineDebug). This may cause your project to build incorrectly. To correct this, please make sure that $(OutDir), $(TargetName) and $(TargetExt) property values match the value specified in %(Lib.OutputFile).
       Lib:
         c:\Program Files (x86)\Microsoft Visual Studio 10.0\VC\bin\Lib.exe /OUT:"..\..\Lib\JCTMathEngineDebug.lib" /NOLOGO Debug\Matrix.obj
         Debug\Util.obj
         Debug\Vect.obj
         MathEngine.vcxproj -> C:\Dev\Source\Projects\jtomasone\JCTGameEngine\Debug\MathEngine.lib
       FinalizeBuildStatus:
         Deleting file "Debug\MathEngine.unsuccessfulbuild".
         Touching "Debug\MathEngine.lastbuildstate".
     1>Done Building Project "C:\Dev\Source\Projects\jtomasone\Engine_Math_Library_dist\MathEngine\MathEngine.vcxproj" (rebuild target(s)).

Build succeeded.

Time Elapsed 00:00:04.02
